Determining if the pthread_create exist failed with the following output:
Change Dir: /home/jxk0217/Documents/jxk0217_server_demo/build/CMakeFiles/CMakeTmp

Run Build Command:"/usr/bin/make" "cmTC_850d3/fast"
/usr/bin/make -f CMakeFiles/cmTC_850d3.dir/build.make CMakeFiles/cmTC_850d3.dir/build
make[1]: 进入目录“/home/jxk0217/Documents/jxk0217_server_demo/build/CMakeFiles/CMakeTmp”
Building C object CMakeFiles/cmTC_850d3.dir/CheckSymbolExists.c.o
/usr/bin/cc    -o CMakeFiles/cmTC_850d3.dir/CheckSymbolExists.c.o   -c /home/jxk0217/Documents/jxk0217_server_demo/build/CMakeFiles/CMakeTmp/CheckSymbolExists.c
Linking C executable cmTC_850d3
/usr/bin/cmake -E cmake_link_script CMakeFiles/cmTC_850d3.dir/link.txt --verbose=1
/usr/bin/cc      -rdynamic CMakeFiles/cmTC_850d3.dir/CheckSymbolExists.c.o  -o cmTC_850d3 
CMakeFiles/cmTC_850d3.dir/CheckSymbolExists.c.o：在函数‘main’中：
CheckSymbolExists.c:(.text+0x1b)：对‘pthread_create’未定义的引用
collect2: error: ld returned 1 exit status
CMakeFiles/cmTC_850d3.dir/build.make:97: recipe for target 'cmTC_850d3' failed
make[1]: *** [cmTC_850d3] Error 1
make[1]: 离开目录“/home/jxk0217/Documents/jxk0217_server_demo/build/CMakeFiles/CMakeTmp”
Makefile:126: recipe for target 'cmTC_850d3/fast' failed
make: *** [cmTC_850d3/fast] Error 2

File /home/jxk0217/Documents/jxk0217_server_demo/build/CMakeFiles/CMakeTmp/CheckSymbolExists.c:
/* */
#include <pthread.h>

int main(int argc, char** argv)
{
  (void)argv;
#ifndef pthread_create
  return ((int*)(&pthread_create))[argc];
#else
  (void)argc;
  return 0;
#endif
}

Determining if the function pthread_create exists in the pthreads failed with the following output:
Change Dir: /home/jxk0217/Documents/jxk0217_server_demo/build/CMakeFiles/CMakeTmp

Run Build Command:"/usr/bin/make" "cmTC_4249d/fast"
/usr/bin/make -f CMakeFiles/cmTC_4249d.dir/build.make CMakeFiles/cmTC_4249d.dir/build
make[1]: 进入目录“/home/jxk0217/Documents/jxk0217_server_demo/build/CMakeFiles/CMakeTmp”
Building C object CMakeFiles/cmTC_4249d.dir/CheckFunctionExists.c.o
/usr/bin/cc   -DCHECK_FUNCTION_EXISTS=pthread_create   -o CMakeFiles/cmTC_4249d.dir/CheckFunctionExists.c.o   -c /usr/share/cmake-3.10/Modules/CheckFunctionExists.c
Linking C executable cmTC_4249d
/usr/bin/cmake -E cmake_link_script CMakeFiles/cmTC_4249d.dir/link.txt --verbose=1
/usr/bin/cc  -DCHECK_FUNCTION_EXISTS=pthread_create    -rdynamic CMakeFiles/cmTC_4249d.dir/CheckFunctionExists.c.o  -o cmTC_4249d -lpthreads 
/usr/bin/ld: 找不到 -lpthreads
collect2: error: ld returned 1 exit status
CMakeFiles/cmTC_4249d.dir/build.make:97: recipe for target 'cmTC_4249d' failed
make[1]: *** [cmTC_4249d] Error 1
make[1]: 离开目录“/home/jxk0217/Documents/jxk0217_server_demo/build/CMakeFiles/CMakeTmp”
Makefile:126: recipe for target 'cmTC_4249d/fast' failed
make: *** [cmTC_4249d/fast] Error 2


